<?xml version="1.0" encoding="UTF-8"?>
<!-- Generated by org.testng.reporters.JUnitReportReporter -->
<testsuite skipped="0" hostname="DESKTOP-TBO1O9L" name="org.test.maven.SampleReport1" tests="1" failures="0" timestamp="05 Jul 2021 20:00:26 GMT" time="0.845" errors="0">
  <testcase name="tc2" time="0.845" classname="org.test.maven.SampleReport1"/>
</testsuite> <!-- org.test.maven.SampleReport1 -->
