<?xml version="1.0" encoding="UTF-8"?>
<!-- Generated by org.testng.reporters.JUnitReportReporter -->
<testsuite skipped="1" hostname="DESKTOP-TBO1O9L" name="org.test.adactin.TestNGSample" tests="6" failures="0" timestamp="05 Jul 2021 14:02:59 GMT" time="0.024" errors="0">
  <testcase name="tc3" time="0.007" classname="org.test.adactin.TestNGSample"/>
  <testcase name="tc4" time="0.003" classname="org.test.adactin.TestNGSample"/>
  <testcase name="tc4" time="0.007" classname="org.test.adactin.TestNGSample"/>
  <testcase name="tc4" time="0.002" classname="org.test.adactin.TestNGSample"/>
  <testcase name="tc2" time="0.005" classname="org.test.adactin.TestNGSample"/>
  <testcase name="tc1" classname="org.test.adactin.TestNGSample">
    <skipped/>
  </testcase> <!-- tc1 -->
</testsuite> <!-- org.test.adactin.TestNGSample -->
